{"/home/andreayr10/DevOps/flytrack-backend/data/mockData.js": {"path":"/home/andreayr10/DevOps/flytrack-backend/data/mockData.js","statementMap":{"0":{"start":{"line":1,"column":16},"end":{"line":10,"column":1}},"1":{"start":{"line":12,"column":22},"end":{"line":18,"column":1}},"2":{"start":{"line":20,"column":23},"end":{"line":20,"column":25}},"3":{"start":{"line":22,"column":0},"end":{"line":22,"column":60}}},"fnMap":{},"branchMap":{},"s":{"0":3,"1":3,"2":3,"3":3},"f":{},"b":{},"_coverageSchema":"1a1c01bbd47fc00a2c39e90264f33305004495a9","hash":"b1b7c03f0aff025feb35d0e11d3fa79dc773a583"}
,"/home/andreayr10/DevOps/flytrack-backend/repositories/baggageRepository.js": {"path":"/home/andreayr10/DevOps/flytrack-backend/repositories/baggageRepository.js","statementMap":{"0":{"start":{"line":1,"column":27},"end":{"line":1,"column":54}},"1":{"start":{"line":3,"column":15},"end":{"line":3,"column":35}},"2":{"start":{"line":3,"column":21},"end":{"line":3,"column":35}},"3":{"start":{"line":5,"column":15},"end":{"line":8,"column":1}},"4":{"start":{"line":6,"column":2},"end":{"line":6,"column":30}},"5":{"start":{"line":7,"column":2},"end":{"line":7,"column":16}},"6":{"start":{"line":10,"column":0},"end":{"line":10,"column":36}}},"fnMap":{"0":{"name":"(anonymous_0)","decl":{"start":{"line":3,"column":15},"end":{"line":3,"column":16}},"loc":{"start":{"line":3,"column":21},"end":{"line":3,"column":35}},"line":3},"1":{"name":"(anonymous_1)","decl":{"start":{"line":5,"column":15},"end":{"line":5,"column":16}},"loc":{"start":{"line":5,"column":27},"end":{"line":8,"column":1}},"line":5}},"branchMap":{},"s":{"0":1,"1":1,"2":1,"3":1,"4":2,"5":2,"6":1},"f":{"0":1,"1":2},"b":{},"_coverageSchema":"1a1c01bbd47fc00a2c39e90264f33305004495a9","hash":"fa3a71a365013ea2184eb210315a209dbf0dfbd5"}
,"/home/andreayr10/DevOps/flytrack-backend/repositories/flightRepository.js": {"path":"/home/andreayr10/DevOps/flytrack-backend/repositories/flightRepository.js","statementMap":{"0":{"start":{"line":1,"column":20},"end":{"line":1,"column":47}},"1":{"start":{"line":3,"column":15},"end":{"line":3,"column":28}},"2":{"start":{"line":3,"column":21},"end":{"line":3,"column":28}},"3":{"start":{"line":5,"column":16},"end":{"line":5,"column":64}},"4":{"start":{"line":5,"column":24},"end":{"line":5,"column":64}},"5":{"start":{"line":5,"column":44},"end":{"line":5,"column":55}},"6":{"start":{"line":7,"column":20},"end":{"line":7,"column":74}},"7":{"start":{"line":7,"column":32},"end":{"line":7,"column":74}},"8":{"start":{"line":7,"column":54},"end":{"line":7,"column":73}},"9":{"start":{"line":9,"column":0},"end":{"line":9,"column":50}}},"fnMap":{"0":{"name":"(anonymous_0)","decl":{"start":{"line":3,"column":15},"end":{"line":3,"column":16}},"loc":{"start":{"line":3,"column":21},"end":{"line":3,"column":28}},"line":3},"1":{"name":"(anonymous_1)","decl":{"start":{"line":5,"column":16},"end":{"line":5,"column":17}},"loc":{"start":{"line":5,"column":24},"end":{"line":5,"column":64}},"line":5},"2":{"name":"(anonymous_2)","decl":{"start":{"line":5,"column":37},"end":{"line":5,"column":38}},"loc":{"start":{"line":5,"column":44},"end":{"line":5,"column":55}},"line":5},"3":{"name":"(anonymous_3)","decl":{"start":{"line":7,"column":20},"end":{"line":7,"column":21}},"loc":{"start":{"line":7,"column":32},"end":{"line":7,"column":74}},"line":7},"4":{"name":"(anonymous_4)","decl":{"start":{"line":7,"column":47},"end":{"line":7,"column":48}},"loc":{"start":{"line":7,"column":54},"end":{"line":7,"column":73}},"line":7}},"branchMap":{"0":{"loc":{"start":{"line":5,"column":24},"end":{"line":5,"column":64}},"type":"binary-expr","locations":[{"start":{"line":5,"column":24},"end":{"line":5,"column":56}},{"start":{"line":5,"column":60},"end":{"line":5,"column":64}}],"line":5}},"s":{"0":1,"1":1,"2":1,"3":1,"4":2,"5":9,"6":1,"7":1,"8":8,"9":1},"f":{"0":1,"1":2,"2":9,"3":1,"4":8},"b":{"0":[2,1]},"_coverageSchema":"1a1c01bbd47fc00a2c39e90264f33305004495a9","hash":"a82c6841ca93dee71a95fdb5e454fac727fb6a61"}
,"/home/andreayr10/DevOps/flytrack-backend/repositories/notificationRepository.js": {"path":"/home/andreayr10/DevOps/flytrack-backend/repositories/notificationRepository.js","statementMap":{"0":{"start":{"line":1,"column":26},"end":{"line":1,"column":53}},"1":{"start":{"line":3,"column":15},"end":{"line":3,"column":34}},"2":{"start":{"line":3,"column":21},"end":{"line":3,"column":34}},"3":{"start":{"line":5,"column":16},"end":{"line":5,"column":70}},"4":{"start":{"line":5,"column":24},"end":{"line":5,"column":70}},"5":{"start":{"line":5,"column":50},"end":{"line":5,"column":61}},"6":{"start":{"line":7,"column":19},"end":{"line":12,"column":1}},"7":{"start":{"line":8,"column":23},"end":{"line":8,"column":61}},"8":{"start":{"line":8,"column":49},"end":{"line":8,"column":60}},"9":{"start":{"line":9,"column":2},"end":{"line":9,"column":33}},"10":{"start":{"line":9,"column":21},"end":{"line":9,"column":33}},"11":{"start":{"line":10,"column":2},"end":{"line":10,"column":27}},"12":{"start":{"line":11,"column":2},"end":{"line":11,"column":22}},"13":{"start":{"line":14,"column":0},"end":{"line":14,"column":49}}},"fnMap":{"0":{"name":"(anonymous_0)","decl":{"start":{"line":3,"column":15},"end":{"line":3,"column":16}},"loc":{"start":{"line":3,"column":21},"end":{"line":3,"column":34}},"line":3},"1":{"name":"(anonymous_1)","decl":{"start":{"line":5,"column":16},"end":{"line":5,"column":17}},"loc":{"start":{"line":5,"column":24},"end":{"line":5,"column":70}},"line":5},"2":{"name":"(anonymous_2)","decl":{"start":{"line":5,"column":43},"end":{"line":5,"column":44}},"loc":{"start":{"line":5,"column":50},"end":{"line":5,"column":61}},"line":5},"3":{"name":"(anonymous_3)","decl":{"start":{"line":7,"column":19},"end":{"line":7,"column":20}},"loc":{"start":{"line":7,"column":27},"end":{"line":12,"column":1}},"line":7},"4":{"name":"(anonymous_4)","decl":{"start":{"line":8,"column":42},"end":{"line":8,"column":43}},"loc":{"start":{"line":8,"column":49},"end":{"line":8,"column":60}},"line":8}},"branchMap":{"0":{"loc":{"start":{"line":5,"column":24},"end":{"line":5,"column":70}},"type":"binary-expr","locations":[{"start":{"line":5,"column":24},"end":{"line":5,"column":62}},{"start":{"line":5,"column":66},"end":{"line":5,"column":70}}],"line":5},"1":{"loc":{"start":{"line":9,"column":2},"end":{"line":9,"column":33}},"type":"if","locations":[{"start":{"line":9,"column":2},"end":{"line":9,"column":33}},{"start":{},"end":{}}],"line":9}},"s":{"0":1,"1":1,"2":1,"3":1,"4":0,"5":0,"6":1,"7":2,"8":6,"9":2,"10":1,"11":1,"12":1,"13":1},"f":{"0":1,"1":0,"2":0,"3":2,"4":6},"b":{"0":[0,0],"1":[1,1]},"_coverageSchema":"1a1c01bbd47fc00a2c39e90264f33305004495a9","hash":"6a0376e3f449ca53efbe7661e4cc819202e72ac8"}
,"/home/andreayr10/DevOps/flytrack-backend/services/baggageService.js": {"path":"/home/andreayr10/DevOps/flytrack-backend/services/baggageService.js","statementMap":{"0":{"start":{"line":1,"column":26},"end":{"line":1,"column":70}},"1":{"start":{"line":3,"column":21},"end":{"line":24,"column":1}},"2":{"start":{"line":4,"column":2},"end":{"line":6,"column":3}},"3":{"start":{"line":5,"column":4},"end":{"line":5,"column":57}},"4":{"start":{"line":8,"column":21},"end":{"line":8,"column":55}},"5":{"start":{"line":9,"column":2},"end":{"line":11,"column":3}},"6":{"start":{"line":10,"column":4},"end":{"line":10,"column":63}},"7":{"start":{"line":13,"column":17},"end":{"line":21,"column":3}},"8":{"start":{"line":23,"column":2},"end":{"line":23,"column":42}},"9":{"start":{"line":26,"column":22},"end":{"line":26,"column":54}},"10":{"start":{"line":26,"column":28},"end":{"line":26,"column":54}},"11":{"start":{"line":28,"column":0},"end":{"line":28,"column":49}}},"fnMap":{"0":{"name":"(anonymous_0)","decl":{"start":{"line":3,"column":21},"end":{"line":3,"column":22}},"loc":{"start":{"line":3,"column":89},"end":{"line":24,"column":1}},"line":3},"1":{"name":"(anonymous_1)","decl":{"start":{"line":26,"column":22},"end":{"line":26,"column":23}},"loc":{"start":{"line":26,"column":28},"end":{"line":26,"column":54}},"line":26}},"branchMap":{"0":{"loc":{"start":{"line":4,"column":2},"end":{"line":6,"column":3}},"type":"if","locations":[{"start":{"line":4,"column":2},"end":{"line":6,"column":3}},{"start":{},"end":{}}],"line":4},"1":{"loc":{"start":{"line":4,"column":6},"end":{"line":4,"column":77}},"type":"binary-expr","locations":[{"start":{"line":4,"column":6},"end":{"line":4,"column":20}},{"start":{"line":4,"column":24},"end":{"line":4,"column":37}},{"start":{"line":4,"column":41},"end":{"line":4,"column":53}},{"start":{"line":4,"column":57},"end":{"line":4,"column":63}},{"start":{"line":4,"column":67},"end":{"line":4,"column":77}}],"line":4},"2":{"loc":{"start":{"line":9,"column":2},"end":{"line":11,"column":3}},"type":"if","locations":[{"start":{"line":9,"column":2},"end":{"line":11,"column":3}},{"start":{},"end":{}}],"line":9}},"s":{"0":1,"1":1,"2":4,"3":1,"4":3,"5":3,"6":1,"7":2,"8":2,"9":1,"10":1,"11":1},"f":{"0":4,"1":1},"b":{"0":[1,3],"1":[4,4,3,3,3],"2":[1,2]},"_coverageSchema":"1a1c01bbd47fc00a2c39e90264f33305004495a9","hash":"0acf21bbd9ee57343e24ba59f0c6c23ff55da5c1"}
,"/home/andreayr10/DevOps/flytrack-backend/services/flightService.js": {"path":"/home/andreayr10/DevOps/flytrack-backend/services/flightService.js","statementMap":{"0":{"start":{"line":1,"column":25},"end":{"line":1,"column":68}},"1":{"start":{"line":3,"column":22},"end":{"line":3,"column":53}},"2":{"start":{"line":3,"column":28},"end":{"line":3,"column":53}},"3":{"start":{"line":5,"column":22},"end":{"line":9,"column":1}},"4":{"start":{"line":6,"column":17},"end":{"line":6,"column":45}},"5":{"start":{"line":7,"column":2},"end":{"line":7,"column":67}},"6":{"start":{"line":7,"column":15},"end":{"line":7,"column":67}},"7":{"start":{"line":8,"column":2},"end":{"line":8,"column":16}},"8":{"start":{"line":11,"column":27},"end":{"line":17,"column":1}},"9":{"start":{"line":12,"column":24},"end":{"line":12,"column":75}},"10":{"start":{"line":13,"column":2},"end":{"line":15,"column":3}},"11":{"start":{"line":14,"column":4},"end":{"line":14,"column":50}},"12":{"start":{"line":16,"column":2},"end":{"line":16,"column":46}},"13":{"start":{"line":19,"column":0},"end":{"line":19,"column":70}}},"fnMap":{"0":{"name":"(anonymous_0)","decl":{"start":{"line":3,"column":22},"end":{"line":3,"column":23}},"loc":{"start":{"line":3,"column":28},"end":{"line":3,"column":53}},"line":3},"1":{"name":"(anonymous_1)","decl":{"start":{"line":5,"column":22},"end":{"line":5,"column":23}},"loc":{"start":{"line":5,"column":30},"end":{"line":9,"column":1}},"line":5},"2":{"name":"(anonymous_2)","decl":{"start":{"line":11,"column":27},"end":{"line":11,"column":28}},"loc":{"start":{"line":11,"column":39},"end":{"line":17,"column":1}},"line":11}},"branchMap":{"0":{"loc":{"start":{"line":7,"column":2},"end":{"line":7,"column":67}},"type":"if","locations":[{"start":{"line":7,"column":2},"end":{"line":7,"column":67}},{"start":{},"end":{}}],"line":7},"1":{"loc":{"start":{"line":13,"column":2},"end":{"line":15,"column":3}},"type":"if","locations":[{"start":{"line":13,"column":2},"end":{"line":15,"column":3}},{"start":{},"end":{}}],"line":13}},"s":{"0":1,"1":1,"2":1,"3":1,"4":2,"5":2,"6":1,"7":1,"8":1,"9":2,"10":2,"11":1,"12":1,"13":1},"f":{"0":1,"1":2,"2":2},"b":{"0":[1,1],"1":[1,1]},"_coverageSchema":"1a1c01bbd47fc00a2c39e90264f33305004495a9","hash":"7fc3d5646487438b6d298618d7de2746227a0015"}
,"/home/andreayr10/DevOps/flytrack-backend/services/notificationService.js": {"path":"/home/andreayr10/DevOps/flytrack-backend/services/notificationService.js","statementMap":{"0":{"start":{"line":1,"column":31},"end":{"line":1,"column":80}},"1":{"start":{"line":3,"column":28},"end":{"line":3,"column":65}},"2":{"start":{"line":3,"column":34},"end":{"line":3,"column":65}},"3":{"start":{"line":5,"column":31},"end":{"line":9,"column":1}},"4":{"start":{"line":6,"column":23},"end":{"line":6,"column":60}},"5":{"start":{"line":7,"column":2},"end":{"line":7,"column":80}},"6":{"start":{"line":7,"column":21},"end":{"line":7,"column":80}},"7":{"start":{"line":8,"column":2},"end":{"line":8,"column":22}},"8":{"start":{"line":11,"column":0},"end":{"line":11,"column":65}}},"fnMap":{"0":{"name":"(anonymous_0)","decl":{"start":{"line":3,"column":28},"end":{"line":3,"column":29}},"loc":{"start":{"line":3,"column":34},"end":{"line":3,"column":65}},"line":3},"1":{"name":"(anonymous_1)","decl":{"start":{"line":5,"column":31},"end":{"line":5,"column":32}},"loc":{"start":{"line":5,"column":39},"end":{"line":9,"column":1}},"line":5}},"branchMap":{"0":{"loc":{"start":{"line":7,"column":2},"end":{"line":7,"column":80}},"type":"if","locations":[{"start":{"line":7,"column":2},"end":{"line":7,"column":80}},{"start":{},"end":{}}],"line":7}},"s":{"0":1,"1":1,"2":1,"3":1,"4":2,"5":2,"6":1,"7":1,"8":1},"f":{"0":1,"1":2},"b":{"0":[1,1]},"_coverageSchema":"1a1c01bbd47fc00a2c39e90264f33305004495a9","hash":"b471fd1bc8add4e7167f76cbf7f7cd75b423c8c8"}
}
